Using pre-set license
Built from '2021.3/staging' branch; Version is '2021.3.30f1 (b4360d7cdac4) revision 11810317'; Using compiler version '192829333'; Build Type 'Release'
OS: 'Windows 10  (10.0.19045) 64bit Professional' Language: 'ko' Physical Memory: 16057 MB
BatchMode: 1, IsHumanControllingUs: 0, StartBugReporterOnCrash: 0, Is64bit: 1, IsPro: 1

COMMAND LINE ARGUMENTS:
C:\Program Files\Unity 2021.3.30f1\Editor\Unity.exe
-adb2
-batchMode
-noUpm
-name
AssetImportWorker0
-projectPath
C:/Users/기획/Documents/GitHub/testrepo1
-logFile
Logs/AssetImportWorker0.log
-srvPort
62654
Successfully changed project path to: C:/Users/기획/Documents/GitHub/testrepo1
C:/Users/기획/Documents/GitHub/testrepo1
[UnityMemory] Configuration Parameters - Can be set up in boot.config
    "memorysetup-bucket-allocator-granularity=16"
    "memorysetup-bucket-allocator-bucket-count=8"
    "memorysetup-bucket-allocator-block-size=33554432"
    "memorysetup-bucket-allocator-block-count=8"
    "memorysetup-main-allocator-block-size=16777216"
    "memorysetup-thread-allocator-block-size=16777216"
    "memorysetup-gfx-main-allocator-block-size=16777216"
    "memorysetup-gfx-thread-allocator-block-size=16777216"
    "memorysetup-cache-allocator-block-size=4194304"
    "memorysetup-typetree-allocator-block-size=2097152"
    "memorysetup-profiler-bucket-allocator-granularity=16"
    "memorysetup-profiler-bucket-allocator-bucket-count=8"
    "memorysetup-profiler-bucket-allocator-block-size=33554432"
    "memorysetup-profiler-bucket-allocator-block-count=8"
    "memorysetup-profiler-allocator-block-size=16777216"
    "memorysetup-profiler-editor-allocator-block-size=1048576"
    "memorysetup-temp-allocator-size-main=16777216"
    "memorysetup-job-temp-allocator-block-size=2097152"
    "memorysetup-job-temp-allocator-block-size-background=1048576"
    "memorysetup-job-temp-allocator-reduction-small-platforms=262144"
    "memorysetup-temp-allocator-size-background-worker=32768"
    "memorysetup-temp-allocator-size-job-worker=262144"
    "memorysetup-temp-allocator-size-preload-manager=33554432"
    "memorysetup-temp-allocator-size-nav-mesh-worker=65536"
    "memorysetup-temp-allocator-size-audio-worker=65536"
    "memorysetup-temp-allocator-size-cloud-worker=32768"
    "memorysetup-temp-allocator-size-gi-baking-worker=262144"
    "memorysetup-temp-allocator-size-gfx=262144"
Player connection [12368] Host "[IP] 192.168.0.160 [Port] 0 [Flags] 2 [Guid] 2947757479 [EditorId] 2947757479 [Version] 1048832 [Id] WindowsEditor(7,DESKTOP-1U9GIJS) [Debug] 1 [PackageName] WindowsEditor [ProjectName] Editor" joined multi-casting on [225.0.0.222:54997]...

Player connection [12368] Host "[IP] 192.168.0.160 [Port] 0 [Flags] 2 [Guid] 2947757479 [EditorId] 2947757479 [Version] 1048832 [Id] WindowsEditor(7,DESKTOP-1U9GIJS) [Debug] 1 [PackageName] WindowsEditor [ProjectName] Editor" joined alternative multi-casting on [225.0.0.222:34997]...

[Physics::Module] Initialized MultithreadedJobDispatcher with {0} workers.
Refreshing native plugins compatible for Editor in 93.12 ms, found 4 plugins.
Preloading 0 native plugins for Editor in 0.00 ms.
Initialize engine version: 2021.3.30f1 (b4360d7cdac4)
[Subsystems] Discovering subsystems at path C:/Program Files/Unity 2021.3.30f1/Editor/Data/Resources/UnitySubsystems
[Subsystems] Discovering subsystems at path C:/Users/기획/Documents/GitHub/testrepo1/Assets
GfxDevice: creating device client; threaded=0; jobified=0
Direct3D:
    Version:  Direct3D 11.0 [level 11.1]
    Renderer: Intel(R) HD Graphics 4600 (ID=0x412)
    Vendor:   Intel
    VRAM:     2048 MB
    Driver:   20.19.15.4531
Initialize mono
Mono path[0] = 'C:/Program Files/Unity 2021.3.30f1/Editor/Data/Managed'
Mono path[1] = 'C:/Program Files/Unity 2021.3.30f1/Editor/Data/MonoBleedingEdge/lib/mono/unityjit-win32'
Mono config path = 'C:/Program Files/Unity 2021.3.30f1/Editor/Data/MonoBleedingEdge/etc'
Using monoOptions --debugger-agent=transport=dt_socket,embedding=1,server=y,suspend=n,address=127.0.0.1:56512
Begin MonoManager ReloadAssembly
Registering precompiled unity dll's ...
Register platform support module: C:/Program Files/Unity 2021.3.30f1/Editor/Data/PlaybackEngines/WindowsStandaloneSupport/UnityEditor.WindowsStandalone.Extensions.dll
Registered in 0.004776 seconds.
Native extension for WindowsStandalone target not found
Refreshing native plugins compatible for Editor in 92.90 ms, found 4 plugins.
Preloading 0 native plugins for Editor in 0.00 ms.
Mono: successfully reloaded assembly
- Completed reload, in  0.682 seconds
Domain Reload Profiling:
	ReloadAssembly (682ms)
		BeginReloadAssembly (108ms)
			ExecutionOrderSort (0ms)
			DisableScriptedObjects (0ms)
			BackupInstance (0ms)
			ReleaseScriptingObjects (0ms)
			CreateAndSetChildDomain (1ms)
		EndReloadAssembly (472ms)
			LoadAssemblies (105ms)
			RebuildTransferFunctionScriptingTraits (0ms)
			SetupTypeCache (113ms)
			ReleaseScriptCaches (0ms)
			RebuildScriptCaches (32ms)
			SetupLoadedEditorAssemblies (281ms)
				LogAssemblyErrors (0ms)
				InitializePlatformSupportModulesInManaged (8ms)
				SetLoadedEditorAssemblies (0ms)
				RefreshPlugins (93ms)
				BeforeProcessingInitializeOnLoad (1ms)
				ProcessInitializeOnLoadAttributes (127ms)
				ProcessInitializeOnLoadMethodAttributes (52ms)
				AfterProcessingInitializeOnLoad (0ms)
				EditorAssembliesLoaded (0ms)
			ExecutionOrderSort2 (0ms)
			AwakeInstancesAfterBackupRestoration (0ms)
Platform modules already initialized, skipping
Registering precompiled user dll's ...
Registered in 0.007630 seconds.
Begin MonoManager ReloadAssembly
Native extension for WindowsStandalone target not found
Refreshing native plugins compatible for Editor in 84.21 ms, found 4 plugins.
Preloading 0 native plugins for Editor in 0.00 ms.
Package Manager log level set to [2]
[Package Manager] Server::EnsureServerProcessIsRunning -- launch failed, reason: Unity was launched with the -noUpm command-line argument
[Package Manager] Cannot connect to Unity Package Manager local server
Mono: successfully reloaded assembly
- Completed reload, in  1.582 seconds
Domain Reload Profiling:
	ReloadAssembly (1582ms)
		BeginReloadAssembly (154ms)
			ExecutionOrderSort (0ms)
			DisableScriptedObjects (6ms)
			BackupInstance (0ms)
			ReleaseScriptingObjects (0ms)
			CreateAndSetChildDomain (24ms)
		EndReloadAssembly (1312ms)
			LoadAssemblies (121ms)
			RebuildTransferFunctionScriptingTraits (0ms)
			SetupTypeCache (265ms)
			ReleaseScriptCaches (1ms)
			RebuildScriptCaches (57ms)
			SetupLoadedEditorAssemblies (861ms)
				LogAssemblyErrors (0ms)
				InitializePlatformSupportModulesInManaged (4ms)
				SetLoadedEditorAssemblies (0ms)
				RefreshPlugins (84ms)
				BeforeProcessingInitializeOnLoad (96ms)
				ProcessInitializeOnLoadAttributes (619ms)
				ProcessInitializeOnLoadMethodAttributes (50ms)
				AfterProcessingInitializeOnLoad (7ms)
				EditorAssembliesLoaded (0ms)
			ExecutionOrderSort2 (0ms)
			AwakeInstancesAfterBackupRestoration (7ms)
Platform modules already initialized, skipping
========================================================================
Worker process is ready to serve import requests
Launched and connected shader compiler UnityShaderCompiler.exe after 0.05 seconds
Refreshing native plugins compatible for Editor in 0.72 ms, found 4 plugins.
Preloading 0 native plugins for Editor in 0.00 ms.
Unloading 3822 Unused Serialized files (Serialized files now loaded: 0)
Unloading 35 unused Assets / (46.4 KB). Loaded Objects now: 4281.
Memory consumption went from 147.0 MB to 147.0 MB.
Total: 2.988200 ms (FindLiveObjects: 0.315600 ms CreateObjectMapping: 0.151200 ms MarkObjects: 2.445200 ms  DeleteObjects: 0.075600 ms)

AssetImportParameters requested are different than current active one (requested -> active):
  custom:video-decoder-ogg-theora: a1e56fd34408186e4bbccfd4996cb3dc -> 
  custom:container-muxer-webm: aa71ff27fc2769a1b78a27578f13a17b -> 
  custom:container-demuxer-webm: 4f35f7cbe854078d1ac9338744f61a02 -> 
  custom:video-encoder-webm-vp8: eb34c28f22e8b96e1ab97ce403110664 -> 
  custom:CustomObjectIndexerAttribute: bc11b3a6c3213fcdd17b65e7da85e133 -> 
  custom:audio-encoder-webm-vorbis: bf7c407c2cedff20999df2af8eb42d56 -> 
  custom:framework-win-MediaFoundation: 216162199b28c13a410421893ffa2e32 -> 
  custom:SearchIndexIgnoredProperties: e643bd26f0fe6173181afceb89e7c659 -> 
  custom:container-demuxer-ogg: 62fdf1f143b41e24485cea50d1cbac27 -> 
  custom:video-decoder-webm-vp8: 9c59270c3fd7afecdb556c50c9e8de78 -> 
  custom:audio-decoder-ogg-vorbis: bf7c407c2cedff20999df2af8eb42d56 -> 
========================================================================
Received Import Request.
  Time since last request: 130057.568502 seconds.
  path: ProjectSettings/TagManager.asset
  artifactKey: Guid(00000000000000003000000000000000) Importer(815301076,1909f56bfc062723c751e8b465ee728b)
Number of updated assets reloaded before import = 0
Start importing ProjectSettings/TagManager.asset using Guid(00000000000000003000000000000000) Importer(815301076,1909f56bfc062723c751e8b465ee728b)  -> (artifact id: '5f74b9f0782f3ffe8a654b2b60a9f33c') in 0.055164 seconds 
Number of asset objects unloaded after import = 0
========================================================================
Received Import Request.
  Time since last request: 257.342604 seconds.
  path: Assets/Resource/chapter3
  artifactKey: Guid(b524a650e9f144349b3b4a835c8e9643) Importer(815301076,1909f56bfc062723c751e8b465ee728b)
Number of updated assets reloaded before import = 0
Start importing Assets/Resource/chapter3 using Guid(b524a650e9f144349b3b4a835c8e9643) Importer(815301076,1909f56bfc062723c751e8b465ee728b)  -> (artifact id: '91bf060b98fd790ea68ef718f8d5aeae') in 0.014096 seconds 
Number of asset objects unloaded after import = 0
========================================================================
Received Import Request.
  Time since last request: 0.049531 seconds.
  path: Assets/Resource/chapter3/needle.png
  artifactKey: Guid(06702617eb5d79c46a67fda318a1f043) Importer(815301076,1909f56bfc062723c751e8b465ee728b)
Number of updated assets reloaded before import = 0
Start importing Assets/Resource/chapter3/needle.png using Guid(06702617eb5d79c46a67fda318a1f043) Importer(815301076,1909f56bfc062723c751e8b465ee728b)  -> (artifact id: '62422054f847593b80b79ca2c98fa03c') in 0.139145 seconds 
Number of asset objects unloaded after import = 3
========================================================================
Received Import Request.
  Time since last request: 0.000022 seconds.
  path: Assets/Resource/chapter3/roulette.png
  artifactKey: Guid(86709a8937680e343ab4ebb9a63183cd) Importer(815301076,1909f56bfc062723c751e8b465ee728b)
Number of updated assets reloaded before import = 0
Start importing Assets/Resource/chapter3/roulette.png using Guid(86709a8937680e343ab4ebb9a63183cd) Importer(815301076,1909f56bfc062723c751e8b465ee728b)  -> (artifact id: '417ace4dcf80d17bf05649dbc5bae3a4') in 0.041607 seconds 
Number of asset objects unloaded after import = 3
========================================================================
Received Import Request.
  Time since last request: 1.956212 seconds.
  path: Assets/Resource/chapter4
  artifactKey: Guid(81678c75880e0de40b3167db2c767de2) Importer(815301076,1909f56bfc062723c751e8b465ee728b)
Number of updated assets reloaded before import = 0
Start importing Assets/Resource/chapter4 using Guid(81678c75880e0de40b3167db2c767de2) Importer(815301076,1909f56bfc062723c751e8b465ee728b)  -> (artifact id: '3d74eb0c087611fff5138215d3ba90f2') in 0.018798 seconds 
Number of asset objects unloaded after import = 0
========================================================================
Received Import Request.
  Time since last request: 0.025186 seconds.
  path: Assets/Resource/chapter4/car.png
  artifactKey: Guid(9318e4dfc7446bc47bfb155637e832d4) Importer(815301076,1909f56bfc062723c751e8b465ee728b)
Number of updated assets reloaded before import = 0
Start importing Assets/Resource/chapter4/car.png using Guid(9318e4dfc7446bc47bfb155637e832d4) Importer(815301076,1909f56bfc062723c751e8b465ee728b)  -> (artifact id: 'fecfa14aa032e0eab7cd39ae383a5002') in 0.028011 seconds 
Number of asset objects unloaded after import = 3
========================================================================
Received Import Request.
  Time since last request: 0.000018 seconds.
  path: Assets/Resource/chapter4/car_se.mp3
  artifactKey: Guid(fea486e958ae991479c3c4a0a2c6dad8) Importer(815301076,1909f56bfc062723c751e8b465ee728b)
Number of updated assets reloaded before import = 0
Start importing Assets/Resource/chapter4/car_se.mp3 using Guid(fea486e958ae991479c3c4a0a2c6dad8) Importer(815301076,1909f56bfc062723c751e8b465ee728b)  -> (artifact id: 'f7194875c4cd20e8a39f167af4e7069e') in 0.069519 seconds 
Number of asset objects unloaded after import = 2
========================================================================
Received Import Request.
  Time since last request: 0.000042 seconds.
  path: Assets/Resource/chapter4/ground.png
  artifactKey: Guid(1f48ca52cccabc9439838e83ae7378fc) Importer(815301076,1909f56bfc062723c751e8b465ee728b)
Number of updated assets reloaded before import = 0
Start importing Assets/Resource/chapter4/ground.png using Guid(1f48ca52cccabc9439838e83ae7378fc) Importer(815301076,1909f56bfc062723c751e8b465ee728b)  -> (artifact id: '7706ad00fe410a1fa869558c5cabfbdb') in 0.030962 seconds 
Number of asset objects unloaded after import = 3
========================================================================
Received Import Request.
  Time since last request: 0.000063 seconds.
  path: Assets/Resource/chapter4/flag.png
  artifactKey: Guid(069de8ecb9910504684b31c6d77df4c8) Importer(815301076,1909f56bfc062723c751e8b465ee728b)
Number of updated assets reloaded before import = 0
Start importing Assets/Resource/chapter4/flag.png using Guid(069de8ecb9910504684b31c6d77df4c8) Importer(815301076,1909f56bfc062723c751e8b465ee728b)  -> (artifact id: '0c6c7c8f3f0eca09fa861395d87d7a56') in 0.029846 seconds 
Number of asset objects unloaded after import = 3
========================================================================
Received Import Request.
  Time since last request: 1.615895 seconds.
  path: Assets/Resource/chapter5
  artifactKey: Guid(b6b4136b24c3e474f9bf32f30358b3f6) Importer(815301076,1909f56bfc062723c751e8b465ee728b)
Number of updated assets reloaded before import = 0
Start importing Assets/Resource/chapter5 using Guid(b6b4136b24c3e474f9bf32f30358b3f6) Importer(815301076,1909f56bfc062723c751e8b465ee728b)  -> (artifact id: '25196821ffff983b090113f5b12a7b89') in 0.015664 seconds 
Number of asset objects unloaded after import = 0
========================================================================
Received Import Request.
  Time since last request: 0.036232 seconds.
  path: Assets/Resource/chapter5/arrow.png
  artifactKey: Guid(edb9fdc24c46b2140a0967b5f873dae5) Importer(815301076,1909f56bfc062723c751e8b465ee728b)
Number of updated assets reloaded before import = 0
Start importing Assets/Resource/chapter5/arrow.png using Guid(edb9fdc24c46b2140a0967b5f873dae5) Importer(815301076,1909f56bfc062723c751e8b465ee728b)  -> (artifact id: 'dae72c7db33177b555235ff062c2193f') in 0.024401 seconds 
Number of asset objects unloaded after import = 3
========================================================================
Received Import Request.
  Time since last request: 0.000022 seconds.
  path: Assets/Resource/chapter5/RButton.png
  artifactKey: Guid(64652dc0de120bc429b8e76e080ea8ba) Importer(815301076,1909f56bfc062723c751e8b465ee728b)
Number of updated assets reloaded before import = 0
Start importing Assets/Resource/chapter5/RButton.png using Guid(64652dc0de120bc429b8e76e080ea8ba) Importer(815301076,1909f56bfc062723c751e8b465ee728b)  -> (artifact id: 'ee11e9985d267246d09ca836b488a4e9') in 0.032978 seconds 
Number of asset objects unloaded after import = 3
========================================================================
Received Import Request.
  Time since last request: 0.000022 seconds.
  path: Assets/Resource/chapter5/LButton.png
  artifactKey: Guid(6ea9ae160ee91314e9582f7183ee9ab6) Importer(815301076,1909f56bfc062723c751e8b465ee728b)
Number of updated assets reloaded before import = 0
Start importing Assets/Resource/chapter5/LButton.png using Guid(6ea9ae160ee91314e9582f7183ee9ab6) Importer(815301076,1909f56bfc062723c751e8b465ee728b)  -> (artifact id: '31846998fa28c271cb70de087b601beb') in 0.035916 seconds 
Number of asset objects unloaded after import = 3
========================================================================
Received Import Request.
  Time since last request: 0.000028 seconds.
  path: Assets/Resource/chapter5/background.png
  artifactKey: Guid(7d50e620d9403594b8a2d5b730e7b11f) Importer(815301076,1909f56bfc062723c751e8b465ee728b)
Number of updated assets reloaded before import = 0
Start importing Assets/Resource/chapter5/background.png using Guid(7d50e620d9403594b8a2d5b730e7b11f) Importer(815301076,1909f56bfc062723c751e8b465ee728b)  -> (artifact id: 'd527598268583db238801b1b14e66fe2') in 0.039148 seconds 
Number of asset objects unloaded after import = 3
========================================================================
Received Import Request.
  Time since last request: 0.000024 seconds.
  path: Assets/Resource/chapter5/player.png
  artifactKey: Guid(18d35dcf4bac15a488d3aa7e5bf600e9) Importer(815301076,1909f56bfc062723c751e8b465ee728b)
Number of updated assets reloaded before import = 0
Start importing Assets/Resource/chapter5/player.png using Guid(18d35dcf4bac15a488d3aa7e5bf600e9) Importer(815301076,1909f56bfc062723c751e8b465ee728b)  -> (artifact id: '195bdc36b1fc7f38df1bf2f7099b04c9') in 0.031402 seconds 
Number of asset objects unloaded after import = 3
========================================================================
Received Import Request.
  Time since last request: 0.000023 seconds.
  path: Assets/Resource/chapter5/hp_gauge.png
  artifactKey: Guid(57c417df019d291479c768257fd0bfe1) Importer(815301076,1909f56bfc062723c751e8b465ee728b)
Number of updated assets reloaded before import = 0
Start importing Assets/Resource/chapter5/hp_gauge.png using Guid(57c417df019d291479c768257fd0bfe1) Importer(815301076,1909f56bfc062723c751e8b465ee728b)  -> (artifact id: '81abc0ee689b0c86c9239c88504f7b80') in 0.035709 seconds 
Number of asset objects unloaded after import = 3
========================================================================
Received Import Request.
  Time since last request: 5.280661 seconds.
  path: Assets/Resource/chapter6
  artifactKey: Guid(95aad73321205e4478ba825e95384521) Importer(815301076,1909f56bfc062723c751e8b465ee728b)
Number of updated assets reloaded before import = 0
Start importing Assets/Resource/chapter6 using Guid(95aad73321205e4478ba825e95384521) Importer(815301076,1909f56bfc062723c751e8b465ee728b)  -> (artifact id: 'f0d136a81569a6f587854cb69526a07e') in 0.012640 seconds 
Number of asset objects unloaded after import = 0
========================================================================
Received Import Request.
  Time since last request: 0.055983 seconds.
  path: Assets/Resource/chapter6/background.png
  artifactKey: Guid(b9c4e8a1afe11ba4f80f03a9ff3edd9b) Importer(815301076,1909f56bfc062723c751e8b465ee728b)
Number of updated assets reloaded before import = 0
Start importing Assets/Resource/chapter6/background.png using Guid(b9c4e8a1afe11ba4f80f03a9ff3edd9b) Importer(815301076,1909f56bfc062723c751e8b465ee728b)  -> (artifact id: '00c76180d758957e5803a02f85ec5f7e') in 0.026784 seconds 
Number of asset objects unloaded after import = 3
========================================================================
Received Import Request.
  Time since last request: 0.000021 seconds.
  path: Assets/Resource/chapter6/flag.png
  artifactKey: Guid(1ccb3e86cf855f5429e75458efd1908e) Importer(815301076,1909f56bfc062723c751e8b465ee728b)
Number of updated assets reloaded before import = 0
Start importing Assets/Resource/chapter6/flag.png using Guid(1ccb3e86cf855f5429e75458efd1908e) Importer(815301076,1909f56bfc062723c751e8b465ee728b)  -> (artifact id: '94ca8be7164e282c35b867157130412a') in 0.027450 seconds 
Number of asset objects unloaded after import = 3
========================================================================
Received Import Request.
  Time since last request: 0.000021 seconds.
  path: Assets/Resource/chapter6/cat_walk3.png
  artifactKey: Guid(308b8ad7705e9c94591ecd115dd464df) Importer(815301076,1909f56bfc062723c751e8b465ee728b)
Number of updated assets reloaded before import = 0
Start importing Assets/Resource/chapter6/cat_walk3.png using Guid(308b8ad7705e9c94591ecd115dd464df) Importer(815301076,1909f56bfc062723c751e8b465ee728b)  -> (artifact id: 'e30d58c901d85286ef54b8d7b799ccb8') in 0.030786 seconds 
Number of asset objects unloaded after import = 3
========================================================================
Received Import Request.
  Time since last request: 0.000020 seconds.
  path: Assets/Resource/chapter6/cat_jump1.png
  artifactKey: Guid(6ea3c30feb6d1614e9b562b0dc255a79) Importer(815301076,1909f56bfc062723c751e8b465ee728b)
Number of updated assets reloaded before import = 0
Start importing Assets/Resource/chapter6/cat_jump1.png using Guid(6ea3c30feb6d1614e9b562b0dc255a79) Importer(815301076,1909f56bfc062723c751e8b465ee728b)  -> (artifact id: '6f0fa3647f1ba72ada8ed9d4d25407b2') in 0.035018 seconds 
Number of asset objects unloaded after import = 3
========================================================================
Received Import Request.
  Time since last request: 0.000025 seconds.
  path: Assets/Resource/chapter6/cloud.png
  artifactKey: Guid(5ddb17d3ec1e2554aa03b5233a8dc403) Importer(815301076,1909f56bfc062723c751e8b465ee728b)
Number of updated assets reloaded before import = 0
Start importing Assets/Resource/chapter6/cloud.png using Guid(5ddb17d3ec1e2554aa03b5233a8dc403) Importer(815301076,1909f56bfc062723c751e8b465ee728b)  -> (artifact id: '7f1b7c691dee9b20a35b50a9e0ab3e9f') in 0.024075 seconds 
Number of asset objects unloaded after import = 3
========================================================================
Received Import Request.
  Time since last request: 0.000017 seconds.
  path: Assets/Resource/chapter6/cat_jump3.png
  artifactKey: Guid(004fa89851e2137459712423f5a759a4) Importer(815301076,1909f56bfc062723c751e8b465ee728b)
Number of updated assets reloaded before import = 0
Start importing Assets/Resource/chapter6/cat_jump3.png using Guid(004fa89851e2137459712423f5a759a4) Importer(815301076,1909f56bfc062723c751e8b465ee728b)  -> (artifact id: '13ed7a91b1f250a9666cd427b3d931df') in 0.031935 seconds 
Number of asset objects unloaded after import = 3
========================================================================
Received Import Request.
  Time since last request: 0.000021 seconds.
  path: Assets/Resource/chapter6/cat_walk1.png
  artifactKey: Guid(d6ab6d47dae78f141b0a05476090e9bf) Importer(815301076,1909f56bfc062723c751e8b465ee728b)
Number of updated assets reloaded before import = 0
Start importing Assets/Resource/chapter6/cat_walk1.png using Guid(d6ab6d47dae78f141b0a05476090e9bf) Importer(815301076,1909f56bfc062723c751e8b465ee728b)  -> (artifact id: '22a4477fcbea07c20398c3ae26ea964d') in 0.031357 seconds 
Number of asset objects unloaded after import = 3
========================================================================
Received Import Request.
  Time since last request: 0.000023 seconds.
  path: Assets/Resource/chapter6/cat_jump2.png
  artifactKey: Guid(cf0fae7f9e7a879429f63cb5f2cbd63d) Importer(815301076,1909f56bfc062723c751e8b465ee728b)
Number of updated assets reloaded before import = 0
Start importing Assets/Resource/chapter6/cat_jump2.png using Guid(cf0fae7f9e7a879429f63cb5f2cbd63d) Importer(815301076,1909f56bfc062723c751e8b465ee728b)  -> (artifact id: '831c117f3d4487f436f4f64859f4bdbe') in 0.031423 seconds 
Number of asset objects unloaded after import = 3
========================================================================
Received Import Request.
  Time since last request: 0.000031 seconds.
  path: Assets/Resource/chapter6/cat.png
  artifactKey: Guid(38e06bca23eeefa4d9b8df57ca42f5f9) Importer(815301076,1909f56bfc062723c751e8b465ee728b)
Number of updated assets reloaded before import = 0
Start importing Assets/Resource/chapter6/cat.png using Guid(38e06bca23eeefa4d9b8df57ca42f5f9) Importer(815301076,1909f56bfc062723c751e8b465ee728b)  -> (artifact id: '4ad5e74ffdb2d24e098ec65632951a20') in 0.030438 seconds 
Number of asset objects unloaded after import = 3
========================================================================
Received Import Request.
  Time since last request: 0.000028 seconds.
  path: Assets/Resource/chapter6/background_clear.png
  artifactKey: Guid(2cc590e3b7c2e154889f3c671bb3998b) Importer(815301076,1909f56bfc062723c751e8b465ee728b)
Number of updated assets reloaded before import = 0
Start importing Assets/Resource/chapter6/background_clear.png using Guid(2cc590e3b7c2e154889f3c671bb3998b) Importer(815301076,1909f56bfc062723c751e8b465ee728b)  -> (artifact id: '6b317c44b56fe9b8ceaf8bb9e84c8275') in 0.066564 seconds 
Number of asset objects unloaded after import = 3
========================================================================
Received Import Request.
  Time since last request: 0.000022 seconds.
  path: Assets/Resource/chapter6/cat_walk2.png
  artifactKey: Guid(69f29567eb8ea944a89e5d372fce985e) Importer(815301076,1909f56bfc062723c751e8b465ee728b)
Number of updated assets reloaded before import = 0
Start importing Assets/Resource/chapter6/cat_walk2.png using Guid(69f29567eb8ea944a89e5d372fce985e) Importer(815301076,1909f56bfc062723c751e8b465ee728b)  -> (artifact id: 'e48c30d89460c9f2a5eef13929bd6600') in 0.030308 seconds 
Number of asset objects unloaded after import = 3
========================================================================
Received Import Request.
  Time since last request: 12.464935 seconds.
  path: Assets/Resource/chapter7
  artifactKey: Guid(8ead405f37806ca43bba2625ab922a10) Importer(815301076,1909f56bfc062723c751e8b465ee728b)
Number of updated assets reloaded before import = 0
Start importing Assets/Resource/chapter7 using Guid(8ead405f37806ca43bba2625ab922a10) Importer(815301076,1909f56bfc062723c751e8b465ee728b)  -> (artifact id: '1dc46de9f12d81b602656eded4edda20') in 0.026718 seconds 
Number of asset objects unloaded after import = 0
========================================================================
Received Import Request.
  Time since last request: 0.049111 seconds.
  path: Assets/Resource/chapter7/bamsongi.fbx
  artifactKey: Guid(c2f15d26c71ac204abb52e989f0b4cbe) Importer(815301076,1909f56bfc062723c751e8b465ee728b)
Number of updated assets reloaded before import = 0
Start importing Assets/Resource/chapter7/bamsongi.fbx using Guid(c2f15d26c71ac204abb52e989f0b4cbe) Importer(815301076,1909f56bfc062723c751e8b465ee728b)  -> (artifact id: '7343e4caab568bb4130d990ea9ad7c37') in 0.189896 seconds 
Number of asset objects unloaded after import = 10
========================================================================
Received Import Request.
  Time since last request: 0.000023 seconds.
  path: Assets/Resource/chapter7/target.fbx
  artifactKey: Guid(ea427f0c50652b944b626485c7fb663e) Importer(815301076,1909f56bfc062723c751e8b465ee728b)
Number of updated assets reloaded before import = 0
Start importing Assets/Resource/chapter7/target.fbx using Guid(ea427f0c50652b944b626485c7fb663e) Importer(815301076,1909f56bfc062723c751e8b465ee728b)  -> (artifact id: 'bb243b6be17e380ae82c19abd5a8ad3a') in 0.055968 seconds 
Number of asset objects unloaded after import = 12
========================================================================
Received Import Request.
  Time since last request: 2.892467 seconds.
  path: Assets/Resource/chapter8
  artifactKey: Guid(89a8aa2db6ae552409c53690b035de9c) Importer(815301076,1909f56bfc062723c751e8b465ee728b)
Number of updated assets reloaded before import = 0
Start importing Assets/Resource/chapter8 using Guid(89a8aa2db6ae552409c53690b035de9c) Importer(815301076,1909f56bfc062723c751e8b465ee728b)  -> (artifact id: 'c3b40a9e7e6f54d90203c77dc5502889') in 0.014893 seconds 
Number of asset objects unloaded after import = 0
========================================================================
Received Import Request.
  Time since last request: 0.037901 seconds.
  path: Assets/Resource/chapter8/apple.fbx
  artifactKey: Guid(08d9d9f94b69ab04fb555d9494f17343) Importer(815301076,1909f56bfc062723c751e8b465ee728b)
Number of updated assets reloaded before import = 0
Start importing Assets/Resource/chapter8/apple.fbx using Guid(08d9d9f94b69ab04fb555d9494f17343) Importer(815301076,1909f56bfc062723c751e8b465ee728b)  -> (artifact id: 'cc42f0efaf8555bae21c99de9c4a726c') in 0.066260 seconds 
Number of asset objects unloaded after import = 22
========================================================================
Received Import Request.
  Time since last request: 0.000018 seconds.
  path: Assets/Resource/chapter8/bomb.fbx
  artifactKey: Guid(df56b8ffe9a9d9242b02c87aee01ee70) Importer(815301076,1909f56bfc062723c751e8b465ee728b)
Number of updated assets reloaded before import = 0
Start importing Assets/Resource/chapter8/bomb.fbx using Guid(df56b8ffe9a9d9242b02c87aee01ee70) Importer(815301076,1909f56bfc062723c751e8b465ee728b)  -> (artifact id: '0b26ea0bb72f138804bb007df9ecc236') in 0.067719 seconds 
Number of asset objects unloaded after import = 22
========================================================================
Received Import Request.
  Time since last request: 0.000018 seconds.
  path: Assets/Resource/chapter8/stage.fbx
  artifactKey: Guid(d90ef47449b8ad641bb855dbb17963df) Importer(815301076,1909f56bfc062723c751e8b465ee728b)
Number of updated assets reloaded before import = 0
Start importing Assets/Resource/chapter8/stage.fbx using Guid(d90ef47449b8ad641bb855dbb17963df) Importer(815301076,1909f56bfc062723c751e8b465ee728b)  -> (artifact id: 'a03d9c99cfdb391319e7ddadf562bef4') in 0.065690 seconds 
Number of asset objects unloaded after import = 16
========================================================================
Received Import Request.
  Time since last request: 0.000022 seconds.
  path: Assets/Resource/chapter8/basket.fbx
  artifactKey: Guid(930b9495c5bb44b4da079141b0029a2a) Importer(815301076,1909f56bfc062723c751e8b465ee728b)
Number of updated assets reloaded before import = 0
Start importing Assets/Resource/chapter8/basket.fbx using Guid(930b9495c5bb44b4da079141b0029a2a) Importer(815301076,1909f56bfc062723c751e8b465ee728b)  -> (artifact id: '01b1282327874b6865af3d00044ce61b') in 0.049476 seconds 
Number of asset objects unloaded after import = 10
========================================================================
Received Import Request.
  Time since last request: 0.000025 seconds.
  path: Assets/Resource/chapter8/get_se.mp3
  artifactKey: Guid(c22adafd6db92ea468ffe05fdaeaa9b7) Importer(815301076,1909f56bfc062723c751e8b465ee728b)
Number of updated assets reloaded before import = 0
Start importing Assets/Resource/chapter8/get_se.mp3 using Guid(c22adafd6db92ea468ffe05fdaeaa9b7) Importer(815301076,1909f56bfc062723c751e8b465ee728b)  -> (artifact id: '709651dd849ec4b4960314ae5c7938f9') in 0.031031 seconds 
Number of asset objects unloaded after import = 2
========================================================================
Received Import Request.
  Time since last request: 0.000018 seconds.
  path: Assets/Resource/chapter8/damage_se.mp3
  artifactKey: Guid(603f7c607690947409477fa796df5ab6) Importer(815301076,1909f56bfc062723c751e8b465ee728b)
Number of updated assets reloaded before import = 0
Start importing Assets/Resource/chapter8/damage_se.mp3 using Guid(603f7c607690947409477fa796df5ab6) Importer(815301076,1909f56bfc062723c751e8b465ee728b)  -> (artifact id: 'd48b4478593ef76680b00871e187637b') in 0.025970 seconds 
Number of asset objects unloaded after import = 2
========================================================================
Received Prepare
Registering precompiled user dll's ...
Registered in 0.008419 seconds.
Begin MonoManager ReloadAssembly
Native extension for WindowsStandalone target not found
Refreshing native plugins compatible for Editor in 1.09 ms, found 4 plugins.
Preloading 0 native plugins for Editor in 0.00 ms.
[Package Manager] Server::EnsureServerProcessIsRunning -- launch failed, reason: Unity was launched with the -noUpm command-line argument
[Package Manager] Cannot connect to Unity Package Manager local server
Mono: successfully reloaded assembly
- Completed reload, in  2.531 seconds
Domain Reload Profiling:
	ReloadAssembly (2532ms)
		BeginReloadAssembly (189ms)
			ExecutionOrderSort (0ms)
			DisableScriptedObjects (8ms)
			BackupInstance (0ms)
			ReleaseScriptingObjects (0ms)
			CreateAndSetChildDomain (43ms)
		EndReloadAssembly (2165ms)
			LoadAssemblies (165ms)
			RebuildTransferFunctionScriptingTraits (0ms)
			SetupTypeCache (614ms)
			ReleaseScriptCaches (2ms)
			RebuildScriptCaches (122ms)
			SetupLoadedEditorAssemblies (1161ms)
				LogAssemblyErrors (0ms)
				InitializePlatformSupportModulesInManaged (9ms)
				SetLoadedEditorAssemblies (1ms)
				RefreshPlugins (1ms)
				BeforeProcessingInitializeOnLoad (118ms)
				ProcessInitializeOnLoadAttributes (902ms)
				ProcessInitializeOnLoadMethodAttributes (112ms)
				AfterProcessingInitializeOnLoad (18ms)
				EditorAssembliesLoaded (0ms)
			ExecutionOrderSort2 (0ms)
			AwakeInstancesAfterBackupRestoration (26ms)
Platform modules already initialized, skipping
Refreshing native plugins compatible for Editor in 0.73 ms, found 4 plugins.
Preloading 0 native plugins for Editor in 0.00 ms.
Unloading 3798 Unused Serialized files (Serialized files now loaded: 0)
Unloading 25 unused Assets / (21.9 KB). Loaded Objects now: 4366.
Memory consumption went from 149.7 MB to 149.6 MB.
Total: 3.037700 ms (FindLiveObjects: 0.336300 ms CreateObjectMapping: 0.160200 ms MarkObjects: 2.514100 ms  DeleteObjects: 0.026100 ms)

AssetImportParameters requested are different than current active one (requested -> active):
  custom:video-decoder-ogg-theora: a1e56fd34408186e4bbccfd4996cb3dc -> 
  custom:container-muxer-webm: aa71ff27fc2769a1b78a27578f13a17b -> 
  custom:container-demuxer-webm: 4f35f7cbe854078d1ac9338744f61a02 -> 
  custom:video-encoder-webm-vp8: eb34c28f22e8b96e1ab97ce403110664 -> 
  custom:CustomObjectIndexerAttribute: bc11b3a6c3213fcdd17b65e7da85e133 -> 
  custom:audio-encoder-webm-vorbis: bf7c407c2cedff20999df2af8eb42d56 -> 
  custom:framework-win-MediaFoundation: 216162199b28c13a410421893ffa2e32 -> 
  custom:SearchIndexIgnoredProperties: e643bd26f0fe6173181afceb89e7c659 -> 
  custom:container-demuxer-ogg: 62fdf1f143b41e24485cea50d1cbac27 -> 
  custom:video-decoder-webm-vp8: 9c59270c3fd7afecdb556c50c9e8de78 -> 
  custom:audio-decoder-ogg-vorbis: bf7c407c2cedff20999df2af8eb42d56 -> 
